2014-11-27 22:01:41,158:INFO    :root                :MainThread     : Root log configured. (boot.configure_logger() @454)
2014-11-27 22:01:41,298:INFO    :pelix.shell.core    :MainThread     : Shell services registered (core.start() @1440)
2014-11-27 22:01:41,366:INFO    :pelix.shell.remote  :MainThread     : RemoteShell validated on port: 57389 (remote.validate() @370)
2014-11-27 22:01:41,367:INFO    :cohorte.debug.servlet:MainThread     : Debug servlet Ready (servlet.validate() @339)
2014-11-27 22:01:41,384:INFO    :pelix-http-service  :MainThread     : Starting HTTP server: [::]:0 ... (basic.log() @774)
2014-11-27 22:01:41,385:INFO    :pelix-http-service  :MainThread     : HTTP server started: [::]:57390 (basic.log() @774)
2014-11-27 22:01:41,674:WARNING :sleekxmpp.xmlstream.cert:read_thread    : Could not find pyasn1 and pyasn1_modules. SSL certificate COULD NOT BE VERIFIED. (cert.verify() @138)
2014-11-27 22:01:41,885:WARNING :sleekxmpp.xmlstream.cert:event_thread_0 : Could not find pyasn1 and pyasn1_modules. SSL certificate expiration COULD NOT BE VERIFIED. (cert.extract_dates() @102)
2014-11-27 22:01:42,015:INFO    :herald.transports.xmpp.transport:event_thread_0 : Bot connected with JID: 8825cd60@charmanson.isandlatech.com (transport.__on_start() @160)
2014-11-27 22:01:42,015:INFO    :herald.transports.xmpp.transport:event_thread_0 : Requesting to join bot@charmanson.isandlatech.com (transport.__on_start() @166)
2014-11-27 22:01:42,918:INFO    :cohorte.monitor.agent:event_thread_0 : Isolate agent validated (agent.validate() @146)
2014-11-27 22:01:42,919:INFO    :herald.core         :event_thread_0 : No peer in group all (core.fire_group() @668)
2014-11-27 22:01:43,247:INFO    :cohorte.monitor.agent:event_thread_0 : Monitors notified of isolate readiness (agent.peer_registered() @122)
2014-11-27 22:01:43,774:CRITICAL:robot.robot         :HeraldNotify-1 : move... (robot.move() @49)
2014-11-27 22:01:43,775:CRITICAL:robot.robot         :HeraldNotify-1 : move... target.x 4 (robot.move() @51)
2014-11-27 22:01:43,775:CRITICAL:robot.robot         :HeraldNotify-1 : move_to_target... 4 2  (robot.move_to_target() @96)
2014-11-27 22:01:44,779:CRITICAL:robot.robot         :Thread-1       : move... (robot.move() @49)
2014-11-27 22:01:44,779:CRITICAL:robot.robot         :Thread-1       : move... target.x 4 (robot.move() @51)
2014-11-27 22:01:44,780:CRITICAL:robot.robot         :Thread-1       : move_to_target... 4 2  (robot.move_to_target() @96)
2014-11-27 22:01:45,780:CRITICAL:robot.robot         :Thread-2       : move... (robot.move() @49)
2014-11-27 22:01:45,781:CRITICAL:robot.robot         :Thread-2       : move... target.x 4 (robot.move() @51)
2014-11-27 22:01:45,781:CRITICAL:robot.robot         :Thread-2       : move_to_target... 4 2  (robot.move_to_target() @96)
2014-11-27 22:01:46,786:CRITICAL:robot.robot         :Thread-3       : move... (robot.move() @49)
2014-11-27 22:01:46,787:CRITICAL:robot.robot         :Thread-3       : move... target.x 4 (robot.move() @51)
2014-11-27 22:01:46,787:CRITICAL:robot.robot         :Thread-3       : move_to_target... 4 2  (robot.move_to_target() @96)
2014-11-27 22:01:47,788:CRITICAL:robot.robot         :Thread-4       : move... (robot.move() @49)
2014-11-27 22:01:47,788:CRITICAL:robot.robot         :Thread-4       : move... target.x 4 (robot.move() @51)
2014-11-27 22:01:47,789:CRITICAL:robot.robot         :Thread-4       : move_to_target... 4 2  (robot.move_to_target() @96)
2014-11-27 22:01:48,252:CRITICAL:robot.robot         :HeraldNotify-1 : updating_target_position... 7 5  (robot.updated_target_position() @42)
2014-11-27 22:01:48,252:CRITICAL:robot.robot         :HeraldNotify-1 : updated_target_position 7 5  (robot.updated_target_position() @45)
2014-11-27 22:01:48,790:CRITICAL:robot.robot         :Thread-5       : move... (robot.move() @49)
2014-11-27 22:01:48,791:CRITICAL:robot.robot         :Thread-5       : move... target.x 7 (robot.move() @51)
2014-11-27 22:01:48,791:CRITICAL:robot.robot         :Thread-5       : move_to_target... 7 5  (robot.move_to_target() @96)
2014-11-27 22:01:49,792:CRITICAL:robot.robot         :Thread-6       : move... (robot.move() @49)
2014-11-27 22:01:49,792:CRITICAL:robot.robot         :Thread-6       : move... target.x 7 (robot.move() @51)
2014-11-27 22:01:49,792:CRITICAL:robot.robot         :Thread-6       : move_to_target... 7 5  (robot.move_to_target() @96)
2014-11-27 22:01:50,793:CRITICAL:robot.robot         :Thread-7       : move... (robot.move() @49)
2014-11-27 22:01:50,794:CRITICAL:robot.robot         :Thread-7       : move... target.x 7 (robot.move() @51)
2014-11-27 22:01:50,794:CRITICAL:robot.robot         :Thread-7       : move_to_target... 7 5  (robot.move_to_target() @96)
2014-11-27 22:01:50,991:CRITICAL:robot.robot         :HeraldNotify-5 : updating_target_position... 13 7  (robot.updated_target_position() @42)
2014-11-27 22:01:50,991:CRITICAL:robot.robot         :HeraldNotify-5 : updated_target_position 13 7  (robot.updated_target_position() @45)
2014-11-27 22:01:51,794:CRITICAL:robot.robot         :Thread-8       : move... (robot.move() @49)
2014-11-27 22:01:51,795:CRITICAL:robot.robot         :Thread-8       : move... target.x 13 (robot.move() @51)
2014-11-27 22:01:51,795:CRITICAL:robot.robot         :Thread-8       : move_to_target... 13 7  (robot.move_to_target() @96)
2014-11-27 22:01:52,798:CRITICAL:robot.robot         :Thread-9       : move... (robot.move() @49)
2014-11-27 22:01:52,799:CRITICAL:robot.robot         :Thread-9       : move... target.x 13 (robot.move() @51)
2014-11-27 22:01:52,799:CRITICAL:robot.robot         :Thread-9       : move_to_target... 13 7  (robot.move_to_target() @96)
2014-11-27 22:01:53,804:CRITICAL:robot.robot         :Thread-10      : move... (robot.move() @49)
2014-11-27 22:01:53,804:CRITICAL:robot.robot         :Thread-10      : move... target.x 13 (robot.move() @51)
2014-11-27 22:01:53,804:CRITICAL:robot.robot         :Thread-10      : move_to_target... 13 7  (robot.move_to_target() @96)
2014-11-27 22:01:54,807:CRITICAL:robot.robot         :Thread-11      : move... (robot.move() @49)
2014-11-27 22:01:54,808:CRITICAL:robot.robot         :Thread-11      : move... target.x 13 (robot.move() @51)
2014-11-27 22:01:54,808:CRITICAL:robot.robot         :Thread-11      : move_to_target... 13 7  (robot.move_to_target() @96)
2014-11-27 22:01:55,319:CRITICAL:robot.robot         :HeraldNotify-5 : updating_target_position... -1 -1  (robot.updated_target_position() @42)
2014-11-27 22:01:55,319:CRITICAL:robot.robot         :HeraldNotify-5 : updated_target_position -1 -1  (robot.updated_target_position() @45)
2014-11-27 22:01:55,809:CRITICAL:robot.robot         :Thread-12      : move... (robot.move() @49)
2014-11-27 22:01:55,810:CRITICAL:robot.robot         :Thread-12      : move... target.x -1 (robot.move() @51)
2014-11-27 22:01:55,810:CRITICAL:robot.robot         :Thread-12      : random_move... (robot.random_move() @66)
2014-11-27 22:01:56,811:CRITICAL:robot.robot         :Thread-13      : move... (robot.move() @49)
2014-11-27 22:01:56,812:CRITICAL:robot.robot         :Thread-13      : move... target.x -1 (robot.move() @51)
2014-11-27 22:01:56,812:CRITICAL:robot.robot         :Thread-13      : random_move... (robot.random_move() @66)
2014-11-27 22:01:57,813:CRITICAL:robot.robot         :Thread-14      : move... (robot.move() @49)
2014-11-27 22:01:57,814:CRITICAL:robot.robot         :Thread-14      : move... target.x -1 (robot.move() @51)
2014-11-27 22:01:57,814:CRITICAL:robot.robot         :Thread-14      : random_move... (robot.random_move() @66)
2014-11-27 22:01:58,662:CRITICAL:robot.robot         :HeraldNotify-2 : updating_target_position... 1 2  (robot.updated_target_position() @42)
2014-11-27 22:01:58,662:CRITICAL:robot.robot         :HeraldNotify-2 : updated_target_position 1 2  (robot.updated_target_position() @45)
2014-11-27 22:01:58,819:CRITICAL:robot.robot         :Thread-15      : move... (robot.move() @49)
2014-11-27 22:01:58,820:CRITICAL:robot.robot         :Thread-15      : move... target.x 1 (robot.move() @51)
2014-11-27 22:01:58,820:CRITICAL:robot.robot         :Thread-15      : move_to_target... 1 2  (robot.move_to_target() @96)
2014-11-27 22:01:59,821:CRITICAL:robot.robot         :Thread-16      : move... (robot.move() @49)
2014-11-27 22:01:59,822:CRITICAL:robot.robot         :Thread-16      : move... target.x 1 (robot.move() @51)
2014-11-27 22:01:59,822:CRITICAL:robot.robot         :Thread-16      : move_to_target... 1 2  (robot.move_to_target() @96)
2014-11-27 22:02:00,825:CRITICAL:robot.robot         :Thread-17      : move... (robot.move() @49)
2014-11-27 22:02:00,826:CRITICAL:robot.robot         :Thread-17      : move... target.x 1 (robot.move() @51)
2014-11-27 22:02:00,826:CRITICAL:robot.robot         :Thread-17      : move_to_target... 1 2  (robot.move_to_target() @96)
2014-11-27 22:02:01,800:CRITICAL:robot.robot         :HeraldNotify-1 : updating_target_position... -1 -1  (robot.updated_target_position() @42)
2014-11-27 22:02:01,800:CRITICAL:robot.robot         :HeraldNotify-1 : updated_target_position -1 -1  (robot.updated_target_position() @45)
2014-11-27 22:02:01,830:CRITICAL:robot.robot         :Thread-18      : move... (robot.move() @49)
2014-11-27 22:02:01,830:CRITICAL:robot.robot         :Thread-18      : move... target.x -1 (robot.move() @51)
2014-11-27 22:02:01,831:CRITICAL:robot.robot         :Thread-18      : random_move... (robot.random_move() @66)
2014-11-27 22:02:02,831:CRITICAL:robot.robot         :Thread-19      : move... (robot.move() @49)
2014-11-27 22:02:02,831:CRITICAL:robot.robot         :Thread-19      : move... target.x -1 (robot.move() @51)
2014-11-27 22:02:02,832:CRITICAL:robot.robot         :Thread-19      : random_move... (robot.random_move() @66)
2014-11-27 22:02:03,837:CRITICAL:robot.robot         :Thread-20      : move... (robot.move() @49)
2014-11-27 22:02:03,837:CRITICAL:robot.robot         :Thread-20      : move... target.x -1 (robot.move() @51)
2014-11-27 22:02:03,837:CRITICAL:robot.robot         :Thread-20      : random_move... (robot.random_move() @66)
2014-11-27 22:02:04,414:CRITICAL:robot.robot         :HeraldNotify-2 : updating_target_position... 6 1  (robot.updated_target_position() @42)
2014-11-27 22:02:04,414:CRITICAL:robot.robot         :HeraldNotify-2 : updated_target_position 6 1  (robot.updated_target_position() @45)
2014-11-27 22:02:04,838:CRITICAL:robot.robot         :Thread-21      : move... (robot.move() @49)
2014-11-27 22:02:04,839:CRITICAL:robot.robot         :Thread-21      : move... target.x 6 (robot.move() @51)
2014-11-27 22:02:04,839:CRITICAL:robot.robot         :Thread-21      : move_to_target... 6 1  (robot.move_to_target() @96)
2014-11-27 22:02:05,844:CRITICAL:robot.robot         :Thread-22      : move... (robot.move() @49)
2014-11-27 22:02:05,844:CRITICAL:robot.robot         :Thread-22      : move... target.x 6 (robot.move() @51)
2014-11-27 22:02:05,844:CRITICAL:robot.robot         :Thread-22      : move_to_target... 6 1  (robot.move_to_target() @96)
2014-11-27 22:02:06,331:CRITICAL:robot.robot         :HeraldNotify-4 : updating_target_position... -1 -1  (robot.updated_target_position() @42)
2014-11-27 22:02:06,331:CRITICAL:robot.robot         :HeraldNotify-4 : updated_target_position -1 -1  (robot.updated_target_position() @45)
2014-11-27 22:02:06,847:CRITICAL:robot.robot         :Thread-23      : move... (robot.move() @49)
2014-11-27 22:02:06,848:CRITICAL:robot.robot         :Thread-23      : move... target.x -1 (robot.move() @51)
2014-11-27 22:02:06,848:CRITICAL:robot.robot         :Thread-23      : random_move... (robot.random_move() @66)
2014-11-27 22:02:07,852:CRITICAL:robot.robot         :Thread-24      : move... (robot.move() @49)
2014-11-27 22:02:07,853:CRITICAL:robot.robot         :Thread-24      : move... target.x -1 (robot.move() @51)
2014-11-27 22:02:07,853:CRITICAL:robot.robot         :Thread-24      : random_move... (robot.random_move() @66)
2014-11-27 22:02:08,853:CRITICAL:robot.robot         :Thread-25      : move... (robot.move() @49)
2014-11-27 22:02:08,854:CRITICAL:robot.robot         :Thread-25      : move... target.x -1 (robot.move() @51)
2014-11-27 22:02:08,854:CRITICAL:robot.robot         :Thread-25      : random_move... (robot.random_move() @66)
2014-11-27 22:02:09,856:CRITICAL:robot.robot         :Thread-26      : move... (robot.move() @49)
2014-11-27 22:02:09,856:CRITICAL:robot.robot         :Thread-26      : move... target.x -1 (robot.move() @51)
2014-11-27 22:02:09,856:CRITICAL:robot.robot         :Thread-26      : random_move... (robot.random_move() @66)
2014-11-27 22:02:10,861:CRITICAL:robot.robot         :Thread-27      : move... (robot.move() @49)
2014-11-27 22:02:10,861:CRITICAL:robot.robot         :Thread-27      : move... target.x -1 (robot.move() @51)
2014-11-27 22:02:10,862:CRITICAL:robot.robot         :Thread-27      : random_move... (robot.random_move() @66)
2014-11-27 22:02:11,863:CRITICAL:robot.robot         :Thread-28      : move... (robot.move() @49)
2014-11-27 22:02:11,863:CRITICAL:robot.robot         :Thread-28      : move... target.x -1 (robot.move() @51)
2014-11-27 22:02:11,863:CRITICAL:robot.robot         :Thread-28      : random_move... (robot.random_move() @66)
2014-11-27 22:02:12,349:CRITICAL:robot.robot         :HeraldNotify-5 : updating_target_position... 12 9  (robot.updated_target_position() @42)
2014-11-27 22:02:12,349:CRITICAL:robot.robot         :HeraldNotify-5 : updated_target_position 12 9  (robot.updated_target_position() @45)
2014-11-27 22:02:12,865:CRITICAL:robot.robot         :Thread-29      : move... (robot.move() @49)
2014-11-27 22:02:12,865:CRITICAL:robot.robot         :Thread-29      : move... target.x 12 (robot.move() @51)
2014-11-27 22:02:12,866:CRITICAL:robot.robot         :Thread-29      : move_to_target... 12 9  (robot.move_to_target() @96)
2014-11-27 22:02:13,871:CRITICAL:robot.robot         :Thread-30      : move... (robot.move() @49)
2014-11-27 22:02:13,871:CRITICAL:robot.robot         :Thread-30      : move... target.x 12 (robot.move() @51)
2014-11-27 22:02:13,871:CRITICAL:robot.robot         :Thread-30      : move_to_target... 12 9  (robot.move_to_target() @96)
2014-11-27 22:02:14,873:CRITICAL:robot.robot         :Thread-31      : move... (robot.move() @49)
2014-11-27 22:02:14,874:CRITICAL:robot.robot         :Thread-31      : move... target.x 12 (robot.move() @51)
2014-11-27 22:02:14,874:CRITICAL:robot.robot         :Thread-31      : move_to_target... 12 9  (robot.move_to_target() @96)
2014-11-27 22:02:15,874:CRITICAL:robot.robot         :Thread-32      : move... (robot.move() @49)
2014-11-27 22:02:15,874:CRITICAL:robot.robot         :Thread-32      : move... target.x 12 (robot.move() @51)
2014-11-27 22:02:15,875:CRITICAL:robot.robot         :Thread-32      : move_to_target... 12 9  (robot.move_to_target() @96)
2014-11-27 22:02:16,880:CRITICAL:robot.robot         :Thread-33      : move... (robot.move() @49)
2014-11-27 22:02:16,880:CRITICAL:robot.robot         :Thread-33      : move... target.x 12 (robot.move() @51)
2014-11-27 22:02:16,880:CRITICAL:robot.robot         :Thread-33      : move_to_target... 12 9  (robot.move_to_target() @96)
2014-11-27 22:02:17,881:CRITICAL:robot.robot         :Thread-34      : move... (robot.move() @49)
2014-11-27 22:02:17,882:CRITICAL:robot.robot         :Thread-34      : move... target.x 12 (robot.move() @51)
2014-11-27 22:02:17,882:CRITICAL:robot.robot         :Thread-34      : move_to_target... 12 9  (robot.move_to_target() @96)
2014-11-27 22:02:18,884:CRITICAL:robot.robot         :Thread-35      : move... (robot.move() @49)
2014-11-27 22:02:18,885:CRITICAL:robot.robot         :Thread-35      : move... target.x 12 (robot.move() @51)
2014-11-27 22:02:18,885:CRITICAL:robot.robot         :Thread-35      : move_to_target... 12 9  (robot.move_to_target() @96)
2014-11-27 22:02:19,886:CRITICAL:robot.robot         :Thread-36      : move... (robot.move() @49)
2014-11-27 22:02:19,886:CRITICAL:robot.robot         :Thread-36      : move... target.x 12 (robot.move() @51)
2014-11-27 22:02:19,886:CRITICAL:robot.robot         :Thread-36      : move_to_target... 12 9  (robot.move_to_target() @96)
2014-11-27 22:02:20,890:CRITICAL:robot.robot         :Thread-37      : move... (robot.move() @49)
2014-11-27 22:02:20,890:CRITICAL:robot.robot         :Thread-37      : move... target.x 12 (robot.move() @51)
2014-11-27 22:02:20,890:CRITICAL:robot.robot         :Thread-37      : move_to_target... 12 9  (robot.move_to_target() @96)
2014-11-27 22:02:21,891:CRITICAL:robot.robot         :Thread-38      : move... (robot.move() @49)
2014-11-27 22:02:21,891:CRITICAL:robot.robot         :Thread-38      : move... target.x 12 (robot.move() @51)
2014-11-27 22:02:21,892:CRITICAL:robot.robot         :Thread-38      : move_to_target... 12 9  (robot.move_to_target() @96)
2014-11-27 22:02:22,893:CRITICAL:robot.robot         :Thread-39      : move... (robot.move() @49)
2014-11-27 22:02:22,894:CRITICAL:robot.robot         :Thread-39      : move... target.x 12 (robot.move() @51)
2014-11-27 22:02:22,894:CRITICAL:robot.robot         :Thread-39      : move_to_target... 12 9  (robot.move_to_target() @96)
2014-11-27 22:02:23,894:CRITICAL:robot.robot         :Thread-40      : move... (robot.move() @49)
2014-11-27 22:02:23,894:CRITICAL:robot.robot         :Thread-40      : move... target.x 12 (robot.move() @51)
2014-11-27 22:02:23,895:CRITICAL:robot.robot         :Thread-40      : move_to_target... 12 9  (robot.move_to_target() @96)
2014-11-27 22:02:24,898:CRITICAL:robot.robot         :Thread-41      : move... (robot.move() @49)
2014-11-27 22:02:24,898:CRITICAL:robot.robot         :Thread-41      : move... target.x 12 (robot.move() @51)
2014-11-27 22:02:24,898:CRITICAL:robot.robot         :Thread-41      : move_to_target... 12 9  (robot.move_to_target() @96)
2014-11-27 22:02:25,899:CRITICAL:robot.robot         :Thread-42      : move... (robot.move() @49)
2014-11-27 22:02:25,900:CRITICAL:robot.robot         :Thread-42      : move... target.x 12 (robot.move() @51)
2014-11-27 22:02:25,900:CRITICAL:robot.robot         :Thread-42      : move_to_target... 12 9  (robot.move_to_target() @96)
2014-11-27 22:02:26,900:CRITICAL:robot.robot         :Thread-43      : move... (robot.move() @49)
2014-11-27 22:02:26,901:CRITICAL:robot.robot         :Thread-43      : move... target.x 12 (robot.move() @51)
2014-11-27 22:02:26,901:CRITICAL:robot.robot         :Thread-43      : move_to_target... 12 9  (robot.move_to_target() @96)
2014-11-27 22:02:27,905:CRITICAL:robot.robot         :Thread-44      : move... (robot.move() @49)
2014-11-27 22:02:27,906:CRITICAL:robot.robot         :Thread-44      : move... target.x 12 (robot.move() @51)
2014-11-27 22:02:27,906:CRITICAL:robot.robot         :Thread-44      : move_to_target... 12 9  (robot.move_to_target() @96)
2014-11-27 22:02:28,909:CRITICAL:robot.robot         :Thread-45      : move... (robot.move() @49)
2014-11-27 22:02:28,909:CRITICAL:robot.robot         :Thread-45      : move... target.x 12 (robot.move() @51)
2014-11-27 22:02:28,910:CRITICAL:robot.robot         :Thread-45      : move_to_target... 12 9  (robot.move_to_target() @96)
