2014-11-27 22:01:14,562:INFO    :root                :MainThread     : Root log configured. (boot.configure_logger() @454)
2014-11-27 22:01:14,687:INFO    :pelix.shell.core    :MainThread     : Shell services registered (core.start() @1440)
2014-11-27 22:01:14,750:INFO    :pelix.shell.remote  :MainThread     : RemoteShell validated on port: 57320 (remote.validate() @370)
2014-11-27 22:01:14,751:INFO    :cohorte.debug.servlet:MainThread     : Debug servlet Ready (servlet.validate() @339)
2014-11-27 22:01:14,767:INFO    :pelix-http-service  :MainThread     : Starting HTTP server: [::]:0 ... (basic.log() @774)
2014-11-27 22:01:14,768:INFO    :pelix-http-service  :MainThread     : HTTP server started: [::]:57321 (basic.log() @774)
2014-11-27 22:01:15,079:WARNING :sleekxmpp.xmlstream.cert:read_thread    : Could not find pyasn1 and pyasn1_modules. SSL certificate COULD NOT BE VERIFIED. (cert.verify() @138)
2014-11-27 22:01:15,274:WARNING :sleekxmpp.xmlstream.cert:event_thread_0 : Could not find pyasn1 and pyasn1_modules. SSL certificate expiration COULD NOT BE VERIFIED. (cert.extract_dates() @102)
2014-11-27 22:01:15,390:INFO    :herald.transports.xmpp.transport:event_thread_0 : Bot connected with JID: d912adb1@charmanson.isandlatech.com (transport.__on_start() @160)
2014-11-27 22:01:15,390:INFO    :herald.transports.xmpp.transport:event_thread_0 : Requesting to join bot@charmanson.isandlatech.com (transport.__on_start() @166)
2014-11-27 22:01:16,383:INFO    :cohorte.monitor.agent:event_thread_0 : Isolate agent validated (agent.validate() @146)
2014-11-27 22:01:16,385:INFO    :herald.core         :event_thread_0 : No peer in group all (core.fire_group() @668)
2014-11-27 22:01:16,605:INFO    :cohorte.monitor.agent:event_thread_0 : Monitors notified of isolate readiness (agent.peer_registered() @122)
2014-11-27 22:01:17,170:CRITICAL:robot.robot         :HeraldNotify-4 : move... (robot.move() @49)
2014-11-27 22:01:17,170:CRITICAL:robot.robot         :HeraldNotify-4 : move... target.x 8 (robot.move() @51)
2014-11-27 22:01:17,170:CRITICAL:robot.robot         :HeraldNotify-4 : move_to_target... 8 5  (robot.move_to_target() @96)
2014-11-27 22:01:18,175:CRITICAL:robot.robot         :Thread-1       : move... (robot.move() @49)
2014-11-27 22:01:18,175:CRITICAL:robot.robot         :Thread-1       : move... target.x 8 (robot.move() @51)
2014-11-27 22:01:18,175:CRITICAL:robot.robot         :Thread-1       : move_to_target... 8 5  (robot.move_to_target() @96)
2014-11-27 22:01:19,180:CRITICAL:robot.robot         :Thread-2       : move... (robot.move() @49)
2014-11-27 22:01:19,180:CRITICAL:robot.robot         :Thread-2       : move... target.x 8 (robot.move() @51)
2014-11-27 22:01:19,180:CRITICAL:robot.robot         :Thread-2       : move_to_target... 8 5  (robot.move_to_target() @96)
2014-11-27 22:01:20,185:CRITICAL:robot.robot         :Thread-3       : move... (robot.move() @49)
2014-11-27 22:01:20,186:CRITICAL:robot.robot         :Thread-3       : move... target.x 8 (robot.move() @51)
2014-11-27 22:01:20,186:CRITICAL:robot.robot         :Thread-3       : move_to_target... 8 5  (robot.move_to_target() @96)
2014-11-27 22:01:21,188:CRITICAL:robot.robot         :Thread-4       : move... (robot.move() @49)
2014-11-27 22:01:21,188:CRITICAL:robot.robot         :Thread-4       : move... target.x 8 (robot.move() @51)
2014-11-27 22:01:21,189:CRITICAL:robot.robot         :Thread-4       : move_to_target... 8 5  (robot.move_to_target() @96)
2014-11-27 22:01:22,193:CRITICAL:robot.robot         :Thread-5       : move... (robot.move() @49)
2014-11-27 22:01:22,193:CRITICAL:robot.robot         :Thread-5       : move... target.x 8 (robot.move() @51)
2014-11-27 22:01:22,193:CRITICAL:robot.robot         :Thread-5       : move_to_target... 8 5  (robot.move_to_target() @96)
2014-11-27 22:01:22,445:CRITICAL:robot.robot         :HeraldNotify-3 : updating_target_position... 8 1  (robot.updated_target_position() @42)
2014-11-27 22:01:22,446:CRITICAL:robot.robot         :HeraldNotify-3 : updated_target_position 8 1  (robot.updated_target_position() @45)
2014-11-27 22:01:23,196:CRITICAL:robot.robot         :Thread-6       : move... (robot.move() @49)
2014-11-27 22:01:23,197:CRITICAL:robot.robot         :Thread-6       : move... target.x 8 (robot.move() @51)
2014-11-27 22:01:23,197:CRITICAL:robot.robot         :Thread-6       : move_to_target... 8 1  (robot.move_to_target() @96)
2014-11-27 22:01:24,200:CRITICAL:robot.robot         :Thread-7       : move... (robot.move() @49)
2014-11-27 22:01:24,201:CRITICAL:robot.robot         :Thread-7       : move... target.x 8 (robot.move() @51)
2014-11-27 22:01:24,201:CRITICAL:robot.robot         :Thread-7       : move_to_target... 8 1  (robot.move_to_target() @96)
2014-11-27 22:01:25,205:CRITICAL:robot.robot         :Thread-8       : move... (robot.move() @49)
2014-11-27 22:01:25,206:CRITICAL:robot.robot         :Thread-8       : move... target.x 8 (robot.move() @51)
2014-11-27 22:01:25,206:CRITICAL:robot.robot         :Thread-8       : move_to_target... 8 1  (robot.move_to_target() @96)
2014-11-27 22:01:26,211:CRITICAL:robot.robot         :Thread-9       : move... (robot.move() @49)
2014-11-27 22:01:26,211:CRITICAL:robot.robot         :Thread-9       : move... target.x 8 (robot.move() @51)
2014-11-27 22:01:26,212:CRITICAL:robot.robot         :Thread-9       : move_to_target... 8 1  (robot.move_to_target() @96)
2014-11-27 22:01:27,213:CRITICAL:robot.robot         :Thread-10      : move... (robot.move() @49)
2014-11-27 22:01:27,214:CRITICAL:robot.robot         :Thread-10      : move... target.x 8 (robot.move() @51)
2014-11-27 22:01:27,214:CRITICAL:robot.robot         :Thread-10      : move_to_target... 8 1  (robot.move_to_target() @96)
2014-11-27 22:01:28,216:CRITICAL:robot.robot         :Thread-11      : move... (robot.move() @49)
2014-11-27 22:01:28,217:CRITICAL:robot.robot         :Thread-11      : move... target.x 8 (robot.move() @51)
2014-11-27 22:01:28,217:CRITICAL:robot.robot         :Thread-11      : move_to_target... 8 1  (robot.move_to_target() @96)
2014-11-27 22:01:28,354:CRITICAL:robot.robot         :HeraldNotify-3 : updating_target_position... 2 6  (robot.updated_target_position() @42)
2014-11-27 22:01:28,354:CRITICAL:robot.robot         :HeraldNotify-3 : updated_target_position 2 6  (robot.updated_target_position() @45)
2014-11-27 22:01:29,217:CRITICAL:robot.robot         :Thread-12      : move... (robot.move() @49)
2014-11-27 22:01:29,218:CRITICAL:robot.robot         :Thread-12      : move... target.x 2 (robot.move() @51)
2014-11-27 22:01:29,218:CRITICAL:robot.robot         :Thread-12      : move_to_target... 2 6  (robot.move_to_target() @96)
2014-11-27 22:01:30,222:CRITICAL:robot.robot         :Thread-13      : move... (robot.move() @49)
2014-11-27 22:01:30,223:CRITICAL:robot.robot         :Thread-13      : move... target.x 2 (robot.move() @51)
2014-11-27 22:01:30,223:CRITICAL:robot.robot         :Thread-13      : move_to_target... 2 6  (robot.move_to_target() @96)
2014-11-27 22:01:31,226:CRITICAL:robot.robot         :Thread-14      : move... (robot.move() @49)
2014-11-27 22:01:31,227:CRITICAL:robot.robot         :Thread-14      : move... target.x 2 (robot.move() @51)
2014-11-27 22:01:31,227:CRITICAL:robot.robot         :Thread-14      : move_to_target... 2 6  (robot.move_to_target() @96)
2014-11-27 22:01:32,019:CRITICAL:robot.robot         :HeraldNotify-2 : updating_target_position... 13 6  (robot.updated_target_position() @42)
2014-11-27 22:01:32,019:CRITICAL:robot.robot         :HeraldNotify-2 : updated_target_position 13 6  (robot.updated_target_position() @45)
2014-11-27 22:01:32,229:CRITICAL:robot.robot         :Thread-15      : move... (robot.move() @49)
2014-11-27 22:01:32,230:CRITICAL:robot.robot         :Thread-15      : move... target.x 13 (robot.move() @51)
2014-11-27 22:01:32,230:CRITICAL:robot.robot         :Thread-15      : move_to_target... 13 6  (robot.move_to_target() @96)
2014-11-27 22:01:33,234:CRITICAL:robot.robot         :Thread-16      : move... (robot.move() @49)
2014-11-27 22:01:33,235:CRITICAL:robot.robot         :Thread-16      : move... target.x 13 (robot.move() @51)
2014-11-27 22:01:33,235:CRITICAL:robot.robot         :Thread-16      : move_to_target... 13 6  (robot.move_to_target() @96)
2014-11-27 22:01:34,235:CRITICAL:robot.robot         :Thread-17      : move... (robot.move() @49)
2014-11-27 22:01:34,236:CRITICAL:robot.robot         :Thread-17      : move... target.x 13 (robot.move() @51)
2014-11-27 22:01:34,236:CRITICAL:robot.robot         :Thread-17      : move_to_target... 13 6  (robot.move_to_target() @96)
2014-11-27 22:01:35,236:CRITICAL:robot.robot         :Thread-18      : move... (robot.move() @49)
2014-11-27 22:01:35,237:CRITICAL:robot.robot         :Thread-18      : move... target.x 13 (robot.move() @51)
2014-11-27 22:01:35,237:CRITICAL:robot.robot         :Thread-18      : move_to_target... 13 6  (robot.move_to_target() @96)
2014-11-27 22:01:36,242:CRITICAL:robot.robot         :Thread-19      : move... (robot.move() @49)
2014-11-27 22:01:36,242:CRITICAL:robot.robot         :Thread-19      : move... target.x 13 (robot.move() @51)
2014-11-27 22:01:36,243:CRITICAL:robot.robot         :Thread-19      : move_to_target... 13 6  (robot.move_to_target() @96)
2014-11-27 22:01:37,243:CRITICAL:robot.robot         :Thread-20      : move... (robot.move() @49)
2014-11-27 22:01:37,243:CRITICAL:robot.robot         :Thread-20      : move... target.x 13 (robot.move() @51)
2014-11-27 22:01:37,244:CRITICAL:robot.robot         :Thread-20      : move_to_target... 13 6  (robot.move_to_target() @96)
2014-11-27 22:01:38,245:CRITICAL:robot.robot         :Thread-21      : move... (robot.move() @49)
2014-11-27 22:01:38,245:CRITICAL:robot.robot         :Thread-21      : move... target.x 13 (robot.move() @51)
2014-11-27 22:01:38,245:CRITICAL:robot.robot         :Thread-21      : move_to_target... 13 6  (robot.move_to_target() @96)
2014-11-27 22:01:39,247:CRITICAL:robot.robot         :Thread-22      : move... (robot.move() @49)
2014-11-27 22:01:39,247:CRITICAL:robot.robot         :Thread-22      : move... target.x 13 (robot.move() @51)
2014-11-27 22:01:39,247:CRITICAL:robot.robot         :Thread-22      : move_to_target... 13 6  (robot.move_to_target() @96)
2014-11-27 22:01:40,251:CRITICAL:robot.robot         :Thread-23      : move... (robot.move() @49)
2014-11-27 22:01:40,252:CRITICAL:robot.robot         :Thread-23      : move... target.x 13 (robot.move() @51)
2014-11-27 22:01:40,252:CRITICAL:robot.robot         :Thread-23      : move_to_target... 13 6  (robot.move_to_target() @96)
2014-11-27 22:01:41,252:CRITICAL:robot.robot         :Thread-24      : move... (robot.move() @49)
2014-11-27 22:01:41,253:CRITICAL:robot.robot         :Thread-24      : move... target.x 13 (robot.move() @51)
2014-11-27 22:01:41,253:CRITICAL:robot.robot         :Thread-24      : move_to_target... 13 6  (robot.move_to_target() @96)
2014-11-27 22:01:42,253:CRITICAL:robot.robot         :Thread-25      : move... (robot.move() @49)
2014-11-27 22:01:42,254:CRITICAL:robot.robot         :Thread-25      : move... target.x 13 (robot.move() @51)
2014-11-27 22:01:42,254:CRITICAL:robot.robot         :Thread-25      : move_to_target... 13 6  (robot.move_to_target() @96)
2014-11-27 22:01:42,957:CRITICAL:robot.robot         :HeraldNotify-1 : updating_target_position... 4 2  (robot.updated_target_position() @42)
2014-11-27 22:01:42,957:CRITICAL:robot.robot         :HeraldNotify-1 : updated_target_position 4 2  (robot.updated_target_position() @45)
2014-11-27 22:01:43,256:CRITICAL:robot.robot         :Thread-26      : move... (robot.move() @49)
2014-11-27 22:01:43,256:CRITICAL:robot.robot         :Thread-26      : move... target.x 4 (robot.move() @51)
2014-11-27 22:01:43,257:CRITICAL:robot.robot         :Thread-26      : move_to_target... 4 2  (robot.move_to_target() @96)
2014-11-27 22:01:44,262:CRITICAL:robot.robot         :Thread-27      : move... (robot.move() @49)
2014-11-27 22:01:44,262:CRITICAL:robot.robot         :Thread-27      : move... target.x 4 (robot.move() @51)
2014-11-27 22:01:44,262:CRITICAL:robot.robot         :Thread-27      : move_to_target... 4 2  (robot.move_to_target() @96)
2014-11-27 22:01:45,267:CRITICAL:robot.robot         :Thread-28      : move... (robot.move() @49)
2014-11-27 22:01:45,268:CRITICAL:robot.robot         :Thread-28      : move... target.x 4 (robot.move() @51)
2014-11-27 22:01:45,268:CRITICAL:robot.robot         :Thread-28      : move_to_target... 4 2  (robot.move_to_target() @96)
2014-11-27 22:01:46,269:CRITICAL:robot.robot         :Thread-29      : move... (robot.move() @49)
2014-11-27 22:01:46,270:CRITICAL:robot.robot         :Thread-29      : move... target.x 4 (robot.move() @51)
2014-11-27 22:01:46,270:CRITICAL:robot.robot         :Thread-29      : move_to_target... 4 2  (robot.move_to_target() @96)
2014-11-27 22:01:47,272:CRITICAL:robot.robot         :Thread-30      : move... (robot.move() @49)
2014-11-27 22:01:47,274:CRITICAL:robot.robot         :Thread-30      : move... target.x 4 (robot.move() @51)
2014-11-27 22:01:47,275:CRITICAL:robot.robot         :Thread-30      : move_to_target... 4 2  (robot.move_to_target() @96)
2014-11-27 22:01:48,115:CRITICAL:robot.robot         :HeraldNotify-3 : updating_target_position... 7 5  (robot.updated_target_position() @42)
2014-11-27 22:01:48,115:CRITICAL:robot.robot         :HeraldNotify-3 : updated_target_position 7 5  (robot.updated_target_position() @45)
2014-11-27 22:01:48,275:CRITICAL:robot.robot         :Thread-31      : move... (robot.move() @49)
2014-11-27 22:01:48,276:CRITICAL:robot.robot         :Thread-31      : move... target.x 7 (robot.move() @51)
2014-11-27 22:01:48,277:CRITICAL:robot.robot         :Thread-31      : move_to_target... 7 5  (robot.move_to_target() @96)
2014-11-27 22:01:49,281:CRITICAL:robot.robot         :Thread-32      : move... (robot.move() @49)
2014-11-27 22:01:49,282:CRITICAL:robot.robot         :Thread-32      : move... target.x 7 (robot.move() @51)
2014-11-27 22:01:49,282:CRITICAL:robot.robot         :Thread-32      : move_to_target... 7 5  (robot.move_to_target() @96)
2014-11-27 22:01:50,286:CRITICAL:robot.robot         :Thread-33      : move... (robot.move() @49)
2014-11-27 22:01:50,287:CRITICAL:robot.robot         :Thread-33      : move... target.x 7 (robot.move() @51)
2014-11-27 22:01:50,287:CRITICAL:robot.robot         :Thread-33      : move_to_target... 7 5  (robot.move_to_target() @96)
2014-11-27 22:01:50,863:CRITICAL:robot.robot         :HeraldNotify-3 : updating_target_position... 13 7  (robot.updated_target_position() @42)
2014-11-27 22:01:50,863:CRITICAL:robot.robot         :HeraldNotify-3 : updated_target_position 13 7  (robot.updated_target_position() @45)
2014-11-27 22:01:51,289:CRITICAL:robot.robot         :Thread-34      : move... (robot.move() @49)
2014-11-27 22:01:51,290:CRITICAL:robot.robot         :Thread-34      : move... target.x 13 (robot.move() @51)
2014-11-27 22:01:51,290:CRITICAL:robot.robot         :Thread-34      : move_to_target... 13 7  (robot.move_to_target() @96)
2014-11-27 22:01:52,295:CRITICAL:robot.robot         :Thread-35      : move... (robot.move() @49)
2014-11-27 22:01:52,295:CRITICAL:robot.robot         :Thread-35      : move... target.x 13 (robot.move() @51)
2014-11-27 22:01:52,296:CRITICAL:robot.robot         :Thread-35      : move_to_target... 13 7  (robot.move_to_target() @96)
2014-11-27 22:01:53,301:CRITICAL:robot.robot         :Thread-36      : move... (robot.move() @49)
2014-11-27 22:01:53,301:CRITICAL:robot.robot         :Thread-36      : move... target.x 13 (robot.move() @51)
2014-11-27 22:01:53,301:CRITICAL:robot.robot         :Thread-36      : move_to_target... 13 7  (robot.move_to_target() @96)
2014-11-27 22:01:54,303:CRITICAL:robot.robot         :Thread-37      : move... (robot.move() @49)
2014-11-27 22:01:54,303:CRITICAL:robot.robot         :Thread-37      : move... target.x 13 (robot.move() @51)
2014-11-27 22:01:54,303:CRITICAL:robot.robot         :Thread-37      : move_to_target... 13 7  (robot.move_to_target() @96)
2014-11-27 22:01:55,168:CRITICAL:robot.robot         :HeraldNotify-1 : updating_target_position... -1 -1  (robot.updated_target_position() @42)
2014-11-27 22:01:55,169:CRITICAL:robot.robot         :HeraldNotify-1 : updated_target_position -1 -1  (robot.updated_target_position() @45)
2014-11-27 22:01:55,306:CRITICAL:robot.robot         :Thread-38      : move... (robot.move() @49)
2014-11-27 22:01:55,307:CRITICAL:robot.robot         :Thread-38      : move... target.x -1 (robot.move() @51)
2014-11-27 22:01:55,307:CRITICAL:robot.robot         :Thread-38      : random_move... (robot.random_move() @66)
2014-11-27 22:01:56,307:CRITICAL:robot.robot         :Thread-39      : move... (robot.move() @49)
2014-11-27 22:01:56,308:CRITICAL:robot.robot         :Thread-39      : move... target.x -1 (robot.move() @51)
2014-11-27 22:01:56,308:CRITICAL:robot.robot         :Thread-39      : random_move... (robot.random_move() @66)
2014-11-27 22:01:57,311:CRITICAL:robot.robot         :Thread-40      : move... (robot.move() @49)
2014-11-27 22:01:57,312:CRITICAL:robot.robot         :Thread-40      : move... target.x -1 (robot.move() @51)
2014-11-27 22:01:57,312:CRITICAL:robot.robot         :Thread-40      : random_move... (robot.random_move() @66)
2014-11-27 22:01:58,317:CRITICAL:robot.robot         :Thread-41      : move... (robot.move() @49)
2014-11-27 22:01:58,318:CRITICAL:robot.robot         :Thread-41      : move... target.x -1 (robot.move() @51)
2014-11-27 22:01:58,318:CRITICAL:robot.robot         :Thread-41      : random_move... (robot.random_move() @66)
2014-11-27 22:01:58,537:CRITICAL:robot.robot         :HeraldNotify-1 : updating_target_position... 1 2  (robot.updated_target_position() @42)
2014-11-27 22:01:58,538:CRITICAL:robot.robot         :HeraldNotify-1 : updated_target_position 1 2  (robot.updated_target_position() @45)
2014-11-27 22:01:59,320:CRITICAL:robot.robot         :Thread-42      : move... (robot.move() @49)
2014-11-27 22:01:59,321:CRITICAL:robot.robot         :Thread-42      : move... target.x 1 (robot.move() @51)
2014-11-27 22:01:59,321:CRITICAL:robot.robot         :Thread-42      : move_to_target... 1 2  (robot.move_to_target() @96)
2014-11-27 22:02:00,321:CRITICAL:robot.robot         :Thread-43      : move... (robot.move() @49)
2014-11-27 22:02:00,322:CRITICAL:robot.robot         :Thread-43      : move... target.x 1 (robot.move() @51)
2014-11-27 22:02:00,322:CRITICAL:robot.robot         :Thread-43      : move_to_target... 1 2  (robot.move_to_target() @96)
2014-11-27 22:02:01,327:CRITICAL:robot.robot         :Thread-44      : move... (robot.move() @49)
2014-11-27 22:02:01,327:CRITICAL:robot.robot         :Thread-44      : move... target.x 1 (robot.move() @51)
2014-11-27 22:02:01,328:CRITICAL:robot.robot         :Thread-44      : move_to_target... 1 2  (robot.move_to_target() @96)
2014-11-27 22:02:01,630:CRITICAL:robot.robot         :HeraldNotify-3 : updating_target_position... -1 -1  (robot.updated_target_position() @42)
2014-11-27 22:02:01,630:CRITICAL:robot.robot         :HeraldNotify-3 : updated_target_position -1 -1  (robot.updated_target_position() @45)
2014-11-27 22:02:02,327:CRITICAL:robot.robot         :Thread-45      : move... (robot.move() @49)
2014-11-27 22:02:02,328:CRITICAL:robot.robot         :Thread-45      : move... target.x -1 (robot.move() @51)
2014-11-27 22:02:02,328:CRITICAL:robot.robot         :Thread-45      : random_move... (robot.random_move() @66)
2014-11-27 22:02:03,333:CRITICAL:robot.robot         :Thread-46      : move... (robot.move() @49)
2014-11-27 22:02:03,334:CRITICAL:robot.robot         :Thread-46      : move... target.x -1 (robot.move() @51)
2014-11-27 22:02:03,334:CRITICAL:robot.robot         :Thread-46      : random_move... (robot.random_move() @66)
2014-11-27 22:02:03,950:CRITICAL:robot.robot         :HeraldNotify-1 : updating_target_position... 6 1  (robot.updated_target_position() @42)
2014-11-27 22:02:03,950:CRITICAL:robot.robot         :HeraldNotify-1 : updated_target_position 6 1  (robot.updated_target_position() @45)
2014-11-27 22:02:04,338:CRITICAL:robot.robot         :Thread-47      : move... (robot.move() @49)
2014-11-27 22:02:04,339:CRITICAL:robot.robot         :Thread-47      : move... target.x 6 (robot.move() @51)
2014-11-27 22:02:04,339:CRITICAL:robot.robot         :Thread-47      : move_to_target... 6 1  (robot.move_to_target() @96)
2014-11-27 22:02:05,344:CRITICAL:robot.robot         :Thread-48      : move... (robot.move() @49)
2014-11-27 22:02:05,345:CRITICAL:robot.robot         :Thread-48      : move... target.x 6 (robot.move() @51)
2014-11-27 22:02:05,345:CRITICAL:robot.robot         :Thread-48      : move_to_target... 6 1  (robot.move_to_target() @96)
2014-11-27 22:02:05,857:CRITICAL:robot.robot         :HeraldNotify-2 : updating_target_position... -1 -1  (robot.updated_target_position() @42)
2014-11-27 22:02:05,857:CRITICAL:robot.robot         :HeraldNotify-2 : updated_target_position -1 -1  (robot.updated_target_position() @45)
2014-11-27 22:02:06,345:CRITICAL:robot.robot         :Thread-49      : move... (robot.move() @49)
2014-11-27 22:02:06,345:CRITICAL:robot.robot         :Thread-49      : move... target.x -1 (robot.move() @51)
2014-11-27 22:02:06,346:CRITICAL:robot.robot         :Thread-49      : random_move... (robot.random_move() @66)
2014-11-27 22:02:07,349:CRITICAL:robot.robot         :Thread-50      : move... (robot.move() @49)
2014-11-27 22:02:07,349:CRITICAL:robot.robot         :Thread-50      : move... target.x -1 (robot.move() @51)
2014-11-27 22:02:07,350:CRITICAL:robot.robot         :Thread-50      : random_move... (robot.random_move() @66)
2014-11-27 22:02:08,355:CRITICAL:robot.robot         :Thread-51      : move... (robot.move() @49)
2014-11-27 22:02:08,355:CRITICAL:robot.robot         :Thread-51      : move... target.x -1 (robot.move() @51)
2014-11-27 22:02:08,355:CRITICAL:robot.robot         :Thread-51      : random_move... (robot.random_move() @66)
2014-11-27 22:02:09,355:CRITICAL:robot.robot         :Thread-52      : move... (robot.move() @49)
2014-11-27 22:02:09,356:CRITICAL:robot.robot         :Thread-52      : move... target.x -1 (robot.move() @51)
2014-11-27 22:02:09,356:CRITICAL:robot.robot         :Thread-52      : random_move... (robot.random_move() @66)
2014-11-27 22:02:10,361:CRITICAL:robot.robot         :Thread-53      : move... (robot.move() @49)
2014-11-27 22:02:10,361:CRITICAL:robot.robot         :Thread-53      : move... target.x -1 (robot.move() @51)
2014-11-27 22:02:10,362:CRITICAL:robot.robot         :Thread-53      : random_move... (robot.random_move() @66)
2014-11-27 22:02:11,363:CRITICAL:robot.robot         :Thread-54      : move... (robot.move() @49)
2014-11-27 22:02:11,364:CRITICAL:robot.robot         :Thread-54      : move... target.x -1 (robot.move() @51)
2014-11-27 22:02:11,364:CRITICAL:robot.robot         :Thread-54      : random_move... (robot.random_move() @66)
2014-11-27 22:02:12,119:CRITICAL:robot.robot         :HeraldNotify-2 : updating_target_position... 12 9  (robot.updated_target_position() @42)
2014-11-27 22:02:12,120:CRITICAL:robot.robot         :HeraldNotify-2 : updated_target_position 12 9  (robot.updated_target_position() @45)
2014-11-27 22:02:12,364:CRITICAL:robot.robot         :Thread-55      : move... (robot.move() @49)
2014-11-27 22:02:12,365:CRITICAL:robot.robot         :Thread-55      : move... target.x 12 (robot.move() @51)
2014-11-27 22:02:12,365:CRITICAL:robot.robot         :Thread-55      : move_to_target... 12 9  (robot.move_to_target() @96)
2014-11-27 22:02:13,367:CRITICAL:robot.robot         :Thread-56      : move... (robot.move() @49)
2014-11-27 22:02:13,367:CRITICAL:robot.robot         :Thread-56      : move... target.x 12 (robot.move() @51)
2014-11-27 22:02:13,368:CRITICAL:robot.robot         :Thread-56      : move_to_target... 12 9  (robot.move_to_target() @96)
2014-11-27 22:02:14,370:CRITICAL:robot.robot         :Thread-57      : move... (robot.move() @49)
2014-11-27 22:02:14,370:CRITICAL:robot.robot         :Thread-57      : move... target.x 12 (robot.move() @51)
2014-11-27 22:02:14,370:CRITICAL:robot.robot         :Thread-57      : move_to_target... 12 9  (robot.move_to_target() @96)
2014-11-27 22:02:15,374:CRITICAL:robot.robot         :Thread-58      : move... (robot.move() @49)
2014-11-27 22:02:15,375:CRITICAL:robot.robot         :Thread-58      : move... target.x 12 (robot.move() @51)
2014-11-27 22:02:15,375:CRITICAL:robot.robot         :Thread-58      : move_to_target... 12 9  (robot.move_to_target() @96)
2014-11-27 22:02:16,377:CRITICAL:robot.robot         :Thread-59      : move... (robot.move() @49)
2014-11-27 22:02:16,378:CRITICAL:robot.robot         :Thread-59      : move... target.x 12 (robot.move() @51)
2014-11-27 22:02:16,378:CRITICAL:robot.robot         :Thread-59      : move_to_target... 12 9  (robot.move_to_target() @96)
2014-11-27 22:02:17,383:CRITICAL:robot.robot         :Thread-60      : move... (robot.move() @49)
2014-11-27 22:02:17,383:CRITICAL:robot.robot         :Thread-60      : move... target.x 12 (robot.move() @51)
2014-11-27 22:02:17,383:CRITICAL:robot.robot         :Thread-60      : move_to_target... 12 9  (robot.move_to_target() @96)
2014-11-27 22:02:18,387:CRITICAL:robot.robot         :Thread-61      : move... (robot.move() @49)
2014-11-27 22:02:18,388:CRITICAL:robot.robot         :Thread-61      : move... target.x 12 (robot.move() @51)
2014-11-27 22:02:18,388:CRITICAL:robot.robot         :Thread-61      : move_to_target... 12 9  (robot.move_to_target() @96)
2014-11-27 22:02:19,390:CRITICAL:robot.robot         :Thread-62      : move... (robot.move() @49)
2014-11-27 22:02:19,391:CRITICAL:robot.robot         :Thread-62      : move... target.x 12 (robot.move() @51)
2014-11-27 22:02:19,391:CRITICAL:robot.robot         :Thread-62      : move_to_target... 12 9  (robot.move_to_target() @96)
2014-11-27 22:02:20,395:CRITICAL:robot.robot         :Thread-63      : move... (robot.move() @49)
2014-11-27 22:02:20,396:CRITICAL:robot.robot         :Thread-63      : move... target.x 12 (robot.move() @51)
2014-11-27 22:02:20,396:CRITICAL:robot.robot         :Thread-63      : move_to_target... 12 9  (robot.move_to_target() @96)
2014-11-27 22:02:21,401:CRITICAL:robot.robot         :Thread-64      : move... (robot.move() @49)
2014-11-27 22:02:21,402:CRITICAL:robot.robot         :Thread-64      : move... target.x 12 (robot.move() @51)
2014-11-27 22:02:21,402:CRITICAL:robot.robot         :Thread-64      : move_to_target... 12 9  (robot.move_to_target() @96)
2014-11-27 22:02:22,402:CRITICAL:robot.robot         :Thread-65      : move... (robot.move() @49)
2014-11-27 22:02:22,402:CRITICAL:robot.robot         :Thread-65      : move... target.x 12 (robot.move() @51)
2014-11-27 22:02:22,402:CRITICAL:robot.robot         :Thread-65      : move_to_target... 12 9  (robot.move_to_target() @96)
2014-11-27 22:02:23,406:CRITICAL:robot.robot         :Thread-66      : move... (robot.move() @49)
2014-11-27 22:02:23,407:CRITICAL:robot.robot         :Thread-66      : move... target.x 12 (robot.move() @51)
2014-11-27 22:02:23,407:CRITICAL:robot.robot         :Thread-66      : move_to_target... 12 9  (robot.move_to_target() @96)
2014-11-27 22:02:24,408:CRITICAL:robot.robot         :Thread-67      : move... (robot.move() @49)
2014-11-27 22:02:24,409:CRITICAL:robot.robot         :Thread-67      : move... target.x 12 (robot.move() @51)
2014-11-27 22:02:24,409:CRITICAL:robot.robot         :Thread-67      : move_to_target... 12 9  (robot.move_to_target() @96)
2014-11-27 22:02:25,409:CRITICAL:robot.robot         :Thread-68      : move... (robot.move() @49)
2014-11-27 22:02:25,409:CRITICAL:robot.robot         :Thread-68      : move... target.x 12 (robot.move() @51)
2014-11-27 22:02:25,410:CRITICAL:robot.robot         :Thread-68      : move_to_target... 12 9  (robot.move_to_target() @96)
2014-11-27 22:02:26,413:CRITICAL:robot.robot         :Thread-69      : move... (robot.move() @49)
2014-11-27 22:02:26,414:CRITICAL:robot.robot         :Thread-69      : move... target.x 12 (robot.move() @51)
2014-11-27 22:02:26,415:CRITICAL:robot.robot         :Thread-69      : move_to_target... 12 9  (robot.move_to_target() @96)
2014-11-27 22:02:27,416:CRITICAL:robot.robot         :Thread-70      : move... (robot.move() @49)
2014-11-27 22:02:27,417:CRITICAL:robot.robot         :Thread-70      : move... target.x 12 (robot.move() @51)
2014-11-27 22:02:27,417:CRITICAL:robot.robot         :Thread-70      : move_to_target... 12 9  (robot.move_to_target() @96)
2014-11-27 22:02:28,417:CRITICAL:robot.robot         :Thread-71      : move... (robot.move() @49)
2014-11-27 22:02:28,418:CRITICAL:robot.robot         :Thread-71      : move... target.x 12 (robot.move() @51)
2014-11-27 22:02:28,418:CRITICAL:robot.robot         :Thread-71      : move_to_target... 12 9  (robot.move_to_target() @96)
