INFO     Shell services registered
INFO     Negotiating TLS
INFO     Using SSL version: TLS 1.0
WARNING  Could not find pyasn1 and pyasn1_modules. SSL certificate COULD NOT BE VERIFIED.
INFO     JID set to: bot@charmanson.isandlatech.com/84fc8c9c
WARNING  Could not find pyasn1 and pyasn1_modules. SSL certificate expiration COULD NOT BE VERIFIED.
INFO     Creating room: cohorte
INFO     Bot connected, authenticated and main room created.
WARNING  Form.getXML() is deprecated API compatibility with plugins/old_0004.py
INFO     Creating room: forkers
INFO     Creating room: 1c216a78-7329-4aff-b626-14fe8666bfcb
INFO     Creating room: cohorte
INFO     Creating room: all
INFO     Creating room: monitors
INFO     Creating room: controller-node
WARNING  Form.getXML() is deprecated API compatibility with plugins/old_0004.py
WARNING  Form.getXML() is deprecated API compatibility with plugins/old_0004.py
WARNING  Form.getXML() is deprecated API compatibility with plugins/old_0004.py
WARNING  Form.getXML() is deprecated API compatibility with plugins/old_0004.py
WARNING  Form.getXML() is deprecated API compatibility with plugins/old_0004.py
WARNING  Form.getXML() is deprecated API compatibility with plugins/old_0004.py
INFO     Creating room: 1c216a78-7329-4aff-b626-14fe8666bfcb
INFO     Creating room: all
INFO     Creating room: cohorte
INFO     Creating room: controller-node
INFO     Creating room: controller-node-python-auto01
WARNING  Form.getXML() is deprecated API compatibility with plugins/old_0004.py
WARNING  Form.getXML() is deprecated API compatibility with plugins/old_0004.py
WARNING  Form.getXML() is deprecated API compatibility with plugins/old_0004.py
WARNING  Form.getXML() is deprecated API compatibility with plugins/old_0004.py
WARNING  Form.getXML() is deprecated API compatibility with plugins/old_0004.py
INFO     Creating room: forkers
INFO     Creating room: cohorte
INFO     Creating room: all
INFO     Creating room: monitors
INFO     Creating room: c40c20d8-c122-4ef5-8948-f3d5302bff54
INFO     Creating room: robot1-node
WARNING  Form.getXML() is deprecated API compatibility with plugins/old_0004.py
WARNING  Form.getXML() is deprecated API compatibility with plugins/old_0004.py
WARNING  Form.getXML() is deprecated API compatibility with plugins/old_0004.py
WARNING  Form.getXML() is deprecated API compatibility with plugins/old_0004.py
WARNING  Form.getXML() is deprecated API compatibility with plugins/old_0004.py
WARNING  Form.getXML() is deprecated API compatibility with plugins/old_0004.py
INFO     Creating room: c40c20d8-c122-4ef5-8948-f3d5302bff54
INFO     Creating room: all
INFO     Creating room: cohorte
INFO     Creating room: robot1-node
INFO     Creating room: robot1-node-python-auto01
WARNING  Form.getXML() is deprecated API compatibility with plugins/old_0004.py
WARNING  Form.getXML() is deprecated API compatibility with plugins/old_0004.py
WARNING  Form.getXML() is deprecated API compatibility with plugins/old_0004.py
WARNING  Form.getXML() is deprecated API compatibility with plugins/old_0004.py
WARNING  Form.getXML() is deprecated API compatibility with plugins/old_0004.py
INFO     Creating room: forkers
INFO     Creating room: f5c0416c-b01a-4392-b5e2-8acfa734f40e
INFO     Creating room: cohorte
INFO     Creating room: all
INFO     Creating room: monitors
INFO     Creating room: robot2-node
WARNING  Form.getXML() is deprecated API compatibility with plugins/old_0004.py
WARNING  Form.getXML() is deprecated API compatibility with plugins/old_0004.py
WARNING  Form.getXML() is deprecated API compatibility with plugins/old_0004.py
WARNING  Form.getXML() is deprecated API compatibility with plugins/old_0004.py
WARNING  Form.getXML() is deprecated API compatibility with plugins/old_0004.py
WARNING  Form.getXML() is deprecated API compatibility with plugins/old_0004.py
INFO     Creating room: cohorte
INFO     Creating room: all
INFO     Creating room: f5c0416c-b01a-4392-b5e2-8acfa734f40e
INFO     Creating room: robot2-node
INFO     Creating room: robot2-node-python-auto01
WARNING  Form.getXML() is deprecated API compatibility with plugins/old_0004.py
WARNING  Form.getXML() is deprecated API compatibility with plugins/old_0004.py
WARNING  Form.getXML() is deprecated API compatibility with plugins/old_0004.py
WARNING  Form.getXML() is deprecated API compatibility with plugins/old_0004.py
WARNING  Form.getXML() is deprecated API compatibility with plugins/old_0004.py
