2014-10-28 17:49:30,614:INFO    :root                :MainThread     : Root log configured. (boot.configure_logger() @454)
2014-10-28 17:49:30,634:INFO    :cohorte.boot.loaders.forker:MainThread     : Loading a forker with the following properties:
* Home.....: /Users/debbabi/Downloads/cohorte-1.0.0-SNAPSHOT
* Base.....: /Users/debbabi/Dropbox/dev/cohorte-project/cohorte-demos/temper/gateway
* Node UID.: 4ef17d86-e982-4a23-b82b-f9f221de7b6e
* Node Name: gateway
* UID......: 84d69410-4398-463a-be4d-211e8ecc1787 (forker.load() @227)
2014-10-28 17:49:30,805:INFO    :pelix.shell.core    :MainThread     : Shell services registered (core.start() @1395)
2014-10-28 17:49:30,844:INFO    :pelix-http-service  :MainThread     : Starting HTTP server: [::]:0 ... (basic.log() @707)
2014-10-28 17:49:30,886:INFO    :pelix-http-service  :MainThread     : HTTP server started: [::]:58422 (basic.log() @707)
2014-10-28 17:49:30,890:INFO    :pelix.shell.remote  :MainThread     : RemoteShell validated on port: 58423 (remote.validate() @370)
2014-10-28 17:49:30,891:INFO    :cohorte.debug.servlet:MainThread     : Debug servlet Ready (servlet.validate() @339)
2014-10-28 17:49:30,897:INFO    :webadmin.webadmin   :MainThread     : Webadmin validated (webadmin.validate() @654)
2014-10-28 17:49:30,897:INFO    :webadmin.webadmin   :MainThread     : Bound to /admin (webadmin.bound_to() @668)
2014-10-28 17:49:30,898:INFO    :cohorte.monitor.status:MainThread     : Monitor status validated (status.validate() @186)
2014-10-28 17:49:30,900:WARNING :herald.core         :Herald-HTTP-Servlet-Bound: No peer in group all (core.fire_group() @661)
2014-10-28 17:49:31,405:INFO    :cohorte.monitor.basic:Thread-2       : Monitor core validated (basic.validate() @430)
2014-10-28 17:49:31,408:ERROR   :cohorte.config.reader:Thread-2       : Can't read file 'autorun_isolates.js': File not found: 'autorun_isolates.js' (base: conf) (reader.load_file() @477)
2014-10-28 17:49:32,996:WARNING :cohorte.repositories.python.ipopo:iPOPO-repository-loader: Invalid factory name for class EventAdmin: malformed node or string: <_ast.Attribute object at 0x108a27278> (ipopo.visit_ClassDef() @110)
2014-10-28 17:49:33,037:WARNING :cohorte.repositories.python.ipopo:iPOPO-repository-loader: Invalid factory name for class MulticastDiscovery: malformed node or string: <_ast.Attribute object at 0x10bf002e8> (ipopo.visit_ClassDef() @110)
2014-10-28 17:49:33,051:WARNING :cohorte.repositories.python.ipopo:iPOPO-repository-loader: Invalid factory name for class ZeroconfDiscovery: malformed node or string: <_ast.Attribute object at 0x10bef1208> (ipopo.visit_ClassDef() @110)
2014-10-28 17:49:33,092:WARNING :cohorte.repositories.python.ipopo:iPOPO-repository-loader: Factory name 'FACTORY_MONITOR' is unknown (MonitorBotWrapper) (ipopo.visit_ClassDef() @102)
2014-10-28 17:49:33,102:WARNING :cohorte.repositories.python.ipopo:iPOPO-repository-loader: Invalid factory name for class JsonRpcServiceExporter: malformed node or string: <_ast.Attribute object at 0x108a37a58> (ipopo.visit_ClassDef() @110)
2014-10-28 17:49:33,102:WARNING :cohorte.repositories.python.ipopo:iPOPO-repository-loader: Invalid factory name for class JsonRpcServiceImporter: malformed node or string: <_ast.Attribute object at 0x108a1cc88> (ipopo.visit_ClassDef() @110)
2014-10-28 17:49:33,133:WARNING :cohorte.repositories.python.ipopo:iPOPO-repository-loader: Invalid factory name for class JsonPersistence: malformed node or string: <_ast.Attribute object at 0x10bf00128> (ipopo.visit_ClassDef() @110)
2014-10-28 17:49:33,179:WARNING :cohorte.repositories.python.ipopo:iPOPO-repository-loader: Invalid factory name for class HeraldDiscovery: malformed node or string: <_ast.Attribute object at 0x108a2ec50> (ipopo.visit_ClassDef() @110)
2014-10-28 17:49:33,244:WARNING :cohorte.repositories.python.ipopo:iPOPO-repository-loader: Invalid factory name for class EventAdminPrinter: malformed node or string: <_ast.Attribute object at 0x108a04630> (ipopo.visit_ClassDef() @110)
2014-10-28 17:49:33,274:WARNING :cohorte.repositories.python.ipopo:iPOPO-repository-loader: Invalid factory name for class HeraldRpcServiceExporter: malformed node or string: <_ast.Attribute object at 0x108a32940> (ipopo.visit_ClassDef() @110)
2014-10-28 17:49:33,274:WARNING :cohorte.repositories.python.ipopo:iPOPO-repository-loader: Invalid factory name for class HeraldRpcServiceImporter: malformed node or string: <_ast.Attribute object at 0x108a1c668> (ipopo.visit_ClassDef() @110)
2014-10-28 17:49:33,289:WARNING :cohorte.repositories.python.ipopo:iPOPO-repository-loader: Invalid factory name for class MqttRpcServiceExporter: malformed node or string: <_ast.Attribute object at 0x108a33588> (ipopo.visit_ClassDef() @110)
2014-10-28 17:49:33,290:WARNING :cohorte.repositories.python.ipopo:iPOPO-repository-loader: Invalid factory name for class MqttRpcServiceImporter: malformed node or string: <_ast.Attribute object at 0x10bf07f98> (ipopo.visit_ClassDef() @110)
2014-10-28 17:49:33,301:WARNING :cohorte.repositories.python.ipopo:iPOPO-repository-loader: Invalid factory name for class IPopoXMPPShell: malformed node or string: <_ast.Attribute object at 0x108a1cc88> (ipopo.visit_ClassDef() @110)
2014-10-28 17:49:33,306:WARNING :cohorte.repositories.python.ipopo:iPOPO-repository-loader: Factory name 'FACTORY_SERVLET' is unknown (HeraldServlet) (ipopo.visit_ClassDef() @102)
2014-10-28 17:49:33,327:WARNING :cohorte.repositories.python.ipopo:iPOPO-repository-loader: Factory name 'FACTORY_DISCOVERY_MULTICAST' is unknown (MulticastHeartbeat) (ipopo.visit_ClassDef() @102)
2014-10-28 17:49:33,345:WARNING :cohorte.repositories.python.ipopo:iPOPO-repository-loader: Invalid factory name for class HttpService: malformed node or string: <_ast.Attribute object at 0x10bef7128> (ipopo.visit_ClassDef() @110)
2014-10-28 17:49:33,443:WARNING :cohorte.repositories.python.ipopo:iPOPO-repository-loader: Invalid factory name for class HeraldRpcServiceExporter: malformed node or string: <_ast.Attribute object at 0x10bef14a8> (ipopo.visit_ClassDef() @110)
2014-10-28 17:49:33,443:WARNING :cohorte.repositories.python.ipopo:iPOPO-repository-loader: Invalid factory name for class HeraldRpcServiceImporter: malformed node or string: <_ast.Attribute object at 0x108a1c588> (ipopo.visit_ClassDef() @110)
2014-10-28 17:49:33,499:WARNING :cohorte.repositories.python.ipopo:iPOPO-repository-loader: Invalid factory name for class XmlRpcServiceExporter: malformed node or string: <_ast.Attribute object at 0x10bf0d748> (ipopo.visit_ClassDef() @110)
2014-10-28 17:49:33,500:WARNING :cohorte.repositories.python.ipopo:iPOPO-repository-loader: Invalid factory name for class XmlRpcServiceImporter: malformed node or string: <_ast.Attribute object at 0x108aea358> (ipopo.visit_ClassDef() @110)
2014-10-28 17:49:33,552:WARNING :cohorte.repositories.python.ipopo:iPOPO-repository-loader: Invalid factory name for class HeraldRpcServiceExporter: malformed node or string: <_ast.Attribute object at 0x10bf0d6a0> (ipopo.visit_ClassDef() @110)
2014-10-28 17:49:33,552:WARNING :cohorte.repositories.python.ipopo:iPOPO-repository-loader: Invalid factory name for class HeraldRpcServiceImporter: malformed node or string: <_ast.Attribute object at 0x108af1a58> (ipopo.visit_ClassDef() @110)
2014-10-28 17:49:33,554:WARNING :cohorte.repositories.python.ipopo:iPOPO-repository-loader: Invalid factory name for class MqttEventAdminBridge: malformed node or string: <_ast.Attribute object at 0x108a325c0> (ipopo.visit_ClassDef() @110)
2014-10-28 17:49:33,560:WARNING :cohorte.repositories.python.ipopo:iPOPO-repository-loader: Invalid factory name for class IPopoRemoteShell: malformed node or string: <_ast.Attribute object at 0x108a37c88> (ipopo.visit_ClassDef() @110)
2014-10-28 17:49:33,641:WARNING :cohorte.repositories.python.ipopo:iPOPO-repository-loader: Factory name 'FACTORY_TRANSPORT' is unknown (XmppTransport) (ipopo.visit_ClassDef() @102)
2014-10-28 17:49:33,707:WARNING :cohorte.repositories.python.ipopo:iPOPO-repository-loader: Invalid factory name for class JabsorbRpcServiceExporter: malformed node or string: <_ast.Attribute object at 0x10bf0d5c0> (ipopo.visit_ClassDef() @110)
2014-10-28 17:49:33,707:WARNING :cohorte.repositories.python.ipopo:iPOPO-repository-loader: Invalid factory name for class JabsorbRpcServiceImporter: malformed node or string: <_ast.Attribute object at 0x108a1ccf8> (ipopo.visit_ClassDef() @110)
2014-10-28 17:49:33,789:WARNING :cohorte.repositories.python.ipopo:iPOPO-repository-loader: Invalid factory name for class MqttDiscovery: malformed node or string: <_ast.Attribute object at 0x108a370f0> (ipopo.visit_ClassDef() @110)
2014-10-28 17:49:33,796:WARNING :cohorte.repositories.python.ipopo:iPOPO-repository-loader: Invalid factory name for class RegistryServlet: malformed node or string: <_ast.Attribute object at 0x10bf1f358> (ipopo.visit_ClassDef() @110)
2014-10-28 17:49:33,801:WARNING :herald.core         :iPOPO-repository-loader: No peer in group all (core.fire_group() @661)
2014-10-28 17:49:59,019:INFO    :cohorte.composer.node.top_store:Pelix-Shell-TextConsole: Storing top composition 3a278fa0-84ee-4049-ad26-79f3ca486df1 (top_store.store() @114)
2014-10-28 17:49:59,081:INFO    :cohorte.composer.node.criteria.distance.history:Pelix-Shell-TextConsole: Using neutral candidate for A (history.vote() @215)
2014-10-28 17:49:59,082:INFO    :cohorte.composer.node.criteria.distance.history:Pelix-Shell-TextConsole: Vote preference for UI: aggregation (history.vote() @207)
2014-10-28 17:49:59,082:INFO    :cohorte.composer.node.history:Pelix-Shell-TextConsole: Node composer stored in history:
{'aggregation': ('A',), 'web.interface': ('UI',)} (history.store() @120)
2014-10-28 17:50:09,087:WARNING :cohorte.composer.node.composer:Thread-3       : !! Node Composer starts redistribution !!! (composer._redistribute() @325)
2014-10-28 17:50:09,105:INFO    :cohorte.composer.node.criteria.distance.history:Thread-3       : Vote preference for A: aggregation, web.interface (history.vote() @207)
2014-10-28 17:50:09,105:WARNING :cohorte.vote.core   :Thread-3       : Coup d'état by aggregation python3 (core.vote() @158)
2014-10-28 17:50:09,106:INFO    :cohorte.composer.node.criteria.distance.history:Thread-3       : Vote preference for UI: aggregation, web.interface (history.vote() @207)
2014-10-28 17:50:09,106:WARNING :cohorte.vote.core   :Thread-3       : Coup d'état by web.interface python3 (core.vote() @158)
2014-10-28 17:50:19,109:WARNING :cohorte.composer.node.composer:Thread-4       : !! Node Composer starts redistribution !!! (composer._redistribute() @325)
2014-10-28 17:50:19,125:INFO    :cohorte.composer.node.criteria.distance.history:Thread-4       : Vote preference for A: aggregation, web.interface (history.vote() @207)
2014-10-28 17:50:19,126:WARNING :cohorte.vote.core   :Thread-4       : Coup d'état by aggregation python3 (core.vote() @158)
2014-10-28 17:50:19,126:INFO    :cohorte.composer.node.criteria.distance.history:Thread-4       : Vote preference for UI: aggregation, web.interface (history.vote() @207)
2014-10-28 17:50:19,126:WARNING :cohorte.vote.core   :Thread-4       : Coup d'état by web.interface python3 (core.vote() @158)
2014-10-28 17:50:29,130:WARNING :cohorte.composer.node.composer:Thread-5       : !! Node Composer starts redistribution !!! (composer._redistribute() @325)
2014-10-28 17:50:29,150:INFO    :cohorte.composer.node.criteria.distance.history:Thread-5       : Vote preference for A: aggregation, web.interface (history.vote() @207)
2014-10-28 17:50:29,150:WARNING :cohorte.vote.core   :Thread-5       : Coup d'état by aggregation python3 (core.vote() @158)
2014-10-28 17:50:29,151:INFO    :cohorte.composer.node.criteria.distance.history:Thread-5       : Vote preference for UI: aggregation, web.interface (history.vote() @207)
2014-10-28 17:50:29,151:WARNING :cohorte.vote.core   :Thread-5       : Coup d'état by web.interface python3 (core.vote() @158)
2014-10-28 17:50:39,153:WARNING :cohorte.composer.node.composer:Thread-6       : !! Node Composer starts redistribution !!! (composer._redistribute() @325)
2014-10-28 17:50:39,169:INFO    :cohorte.composer.node.criteria.distance.history:Thread-6       : Vote preference for A: aggregation, web.interface (history.vote() @207)
2014-10-28 17:50:39,169:WARNING :cohorte.vote.core   :Thread-6       : Coup d'état by aggregation python3 (core.vote() @158)
2014-10-28 17:50:39,169:INFO    :cohorte.composer.node.criteria.distance.history:Thread-6       : Vote preference for UI: aggregation, web.interface (history.vote() @207)
2014-10-28 17:50:39,169:WARNING :cohorte.vote.core   :Thread-6       : Coup d'état by web.interface python3 (core.vote() @158)
2014-10-28 17:50:49,174:WARNING :cohorte.composer.node.composer:Thread-7       : !! Node Composer starts redistribution !!! (composer._redistribute() @325)
2014-10-28 17:50:49,192:INFO    :cohorte.composer.node.criteria.distance.history:Thread-7       : Vote preference for A: aggregation, web.interface (history.vote() @207)
2014-10-28 17:50:49,192:WARNING :cohorte.vote.core   :Thread-7       : Coup d'état by aggregation python3 (core.vote() @158)
2014-10-28 17:50:49,193:INFO    :cohorte.composer.node.criteria.distance.history:Thread-7       : Vote preference for UI: aggregation, web.interface (history.vote() @207)
2014-10-28 17:50:49,193:WARNING :cohorte.vote.core   :Thread-7       : Coup d'état by web.interface python3 (core.vote() @158)
2014-10-28 17:50:59,197:WARNING :cohorte.composer.node.composer:Thread-8       : !! Node Composer starts redistribution !!! (composer._redistribute() @325)
2014-10-28 17:50:59,213:INFO    :cohorte.composer.node.criteria.distance.history:Thread-8       : Vote preference for A: aggregation, web.interface (history.vote() @207)
2014-10-28 17:50:59,213:WARNING :cohorte.vote.core   :Thread-8       : Coup d'état by aggregation python3 (core.vote() @158)
2014-10-28 17:50:59,213:INFO    :cohorte.composer.node.criteria.distance.history:Thread-8       : Vote preference for UI: aggregation, web.interface (history.vote() @207)
2014-10-28 17:50:59,214:WARNING :cohorte.vote.core   :Thread-8       : Coup d'état by web.interface python3 (core.vote() @158)
2014-10-28 17:51:09,217:WARNING :cohorte.composer.node.composer:Thread-9       : !! Node Composer starts redistribution !!! (composer._redistribute() @325)
2014-10-28 17:51:09,234:INFO    :cohorte.composer.node.criteria.distance.history:Thread-9       : Vote preference for A: aggregation, web.interface (history.vote() @207)
2014-10-28 17:51:09,235:WARNING :cohorte.vote.core   :Thread-9       : Coup d'état by aggregation python3 (core.vote() @158)
2014-10-28 17:51:09,235:INFO    :cohorte.composer.node.criteria.distance.history:Thread-9       : Vote preference for UI: aggregation, web.interface (history.vote() @207)
2014-10-28 17:51:09,235:WARNING :cohorte.vote.core   :Thread-9       : Coup d'état by web.interface python3 (core.vote() @158)
2014-10-28 17:51:19,138:WARNING :cohorte.forker.basic:Pelix-Shell-TextConsole: Sending 'forker stopping' signal. (basic._send_stopping() @341)
2014-10-28 17:51:19,205:INFO    :cohorte.monitor.basic:Pelix-Shell-TextConsole: Monitor core invalidated (basic.invalidate() @453)
2014-10-28 17:51:19,207:INFO    :cohorte.monitor.status:Pelix-Shell-TextConsole: Monitor status invalidated (status.invalidate() @195)
2014-10-28 17:51:19,209:INFO    :cohorte.forker.basic:Pelix-Shell-TextConsole: Forker invalidated (basic._invalidate() @419)
2014-10-28 17:51:19,210:INFO    :webadmin.webadmin   :Pelix-Shell-TextConsole: Unbound from /admin (webadmin.unbound_from() @675)
2014-10-28 17:51:19,210:INFO    :webadmin.webadmin   :Pelix-Shell-TextConsole: Webadmin invalidated (webadmin.invalidate() @662)
2014-10-28 17:51:19,213:INFO    :cohorte.debug.servlet:Pelix-Shell-TextConsole: Debug servlet Gone (servlet.invalidate() @350)
2014-10-28 17:51:19,488:INFO    :pelix.shell.remote  :Pelix-Shell-TextConsole: RemoteShell gone from port: 58423 (remote.invalidate() @392)
2014-10-28 17:51:19,490:INFO    :pelix.shell.core    :Pelix-Shell-TextConsole: Shell services unregistered (core.stop() @1419)
2014-10-28 17:51:20,469:INFO    :pelix-http-service  :Pelix-Shell-TextConsole: Shutting down HTTP server: [::]:58422 ... (basic.log() @707)
2014-10-28 17:51:20,669:INFO    :pelix-http-service  :Pelix-Shell-TextConsole: Waiting HTTP server ([::]:58422) thread to stop... (basic.log() @707)
2014-10-28 17:51:20,669:INFO    :pelix-http-service  :Pelix-Shell-TextConsole: HTTP server down: [::]:58422 ... (basic.log() @707)
